<?xml version="1.0" encoding="UTF-8"?>
<!-- Generated by org.testng.reporters.JUnitReportReporter -->
<testsuite hostname="DESKTOP-EK017AK" failures="0" tests="1" name="test.ReadExcel" time="0.905" errors="0" timestamp="2022-11-22T20:38:13 IST" skipped="0">
  <testcase classname="test.ReadExcel" name="readDataFromExcel" time="0.905"/>
  <system-out/>
</testsuite> <!-- test.ReadExcel -->
