<?xml version="1.0" encoding="UTF-8"?>
<!-- Generated by org.testng.reporters.JUnitReportReporter -->
<testsuite hostname="DESKTOP-EK017AK" failures="0" tests="1" name="testcases.CreatenewbuttonTC" time="11.829" errors="0" timestamp="2022-11-28T18:42:51 IST" skipped="0">
  <testcase classname="testcases.CreatenewbuttonTC" name="logincheck" time="11.829"/>
  <system-out/>
</testsuite> <!-- testcases.CreatenewbuttonTC -->
